# JRE version: OpenJDK Runtime Environment Homebrew (11.0.12) (build 11.0.12+0)
# Java VM: OpenJDK 64-Bit Server VM Homebrew (11.0.12+0, mixed mode, tiered, compressed oops, g1 gc, bsd-aarch64)
Heap:
 garbage-first heap   total 262144K, used 127814K [0x00000006c0000000, 0x00000007c0000000)
  region size 1024K, 114 young (116736K), 6 survivors (6144K)
 Metaspace       used 46863K, capacity 47874K, committed 48176K, reserved 1091584K
  class space    used 5256K, capacity 5671K, committed 5760K, reserved 1048576K
GC Heap History (10 events):
Event: 0.549 GC heap before
{Heap before GC invocations=0 (full 0):
 garbage-first heap   total 262144K, used 29696K [0x00000006c0000000, 0x00000007c0000000)
  region size 1024K, 24 young (24576K), 0 survivors (0K)
 Metaspace       used 17331K, capacity 17702K, committed 17920K, reserved 1064960K
  class space    used 1803K, capacity 1925K, committed 2048K, reserved 1048576K
}
Event: 0.552 GC heap after
{Heap after GC invocations=1 (full 0):
 garbage-first heap   total 262144K, used 6608K [0x00000006c0000000, 0x00000007c0000000)
  region size 1024K, 3 young (3072K), 3 survivors (3072K)
 Metaspace       used 17331K, capacity 17702K, committed 17920K, reserved 1064960K
  class space    used 1803K, capacity 1925K, committed 2048K, reserved 1048576K
}
Event: 0.644 GC heap before
{Heap before GC invocations=1 (full 0):
 garbage-first heap   total 262144K, used 20944K [0x00000006c0000000, 0x00000007c0000000)
  region size 1024K, 18 young (18432K), 3 survivors (3072K)
 Metaspace       used 20766K, capacity 21112K, committed 21296K, reserved 1069056K
  class space    used 2223K, capacity 2359K, committed 2432K, reserved 1048576K
}
Event: 0.647 GC heap after
{Heap after GC invocations=2 (full 0):
 garbage-first heap   total 262144K, used 8908K [0x00000006c0000000, 0x00000007c0000000)
  region size 1024K, 6 young (6144K), 6 survivors (6144K)
 Metaspace       used 20766K, capacity 21112K, committed 21296K, reserved 1069056K
  class space    used 2223K, capacity 2359K, committed 2432K, reserved 1048576K
}
Event: 1.059 GC heap before
{Heap before GC invocations=3 (full 0):
 garbage-first heap   total 262144K, used 46796K [0x00000006c0000000, 0x00000007c0000000)
  region size 1024K, 43 young (44032K), 6 survivors (6144K)
 Metaspace       used 33075K, capacity 33592K, committed 33840K, reserved 1079296K
  class space    used 3680K, capacity 3878K, committed 3968K, reserved 1048576K
}
Event: 1.063 GC heap after
{Heap after GC invocations=4 (full 0):
 garbage-first heap   total 262144K, used 13488K [0x00000006c0000000, 0x00000007c0000000)
  region size 1024K, 6 young (6144K), 6 survivors (6144K)
 Metaspace       used 33075K, capacity 33592K, committed 33840K, reserved 1079296K
  class space    used 3680K, capacity 3878K, committed 3968K, reserved 1048576K
}
Event: 1.091 GC heap before
{Heap before GC invocations=4 (full 0):
 garbage-first heap   total 262144K, used 17584K [0x00000006c0000000, 0x00000007c0000000)
  region size 1024K, 11 young (11264K), 6 survivors (6144K)
 Metaspace       used 35244K, capacity 35736K, committed 35888K, reserved 1081344K
  class space    used 3924K, capacity 4102K, committed 4224K, reserved 1048576K
}
Event: 1.094 GC heap after
{Heap after GC invocations=5 (full 0):
 garbage-first heap   total 262144K, used 14374K [0x00000006c0000000, 0x00000007c0000000)
  region size 1024K, 6 young (6144K), 6 survivors (6144K)
 Metaspace       used 35244K, capacity 35736K, committed 35888K, reserved 1081344K
  class space    used 3924K, capacity 4102K, committed 4224K, reserved 1048576K
}
Event: 1.457 GC heap before
{Heap before GC invocations=6 (full 0):
 garbage-first heap   total 262144K, used 70694K [0x00000006c0000000, 0x00000007c0000000)
  region size 1024K, 61 young (62464K), 6 survivors (6144K)
 Metaspace       used 43485K, capacity 44272K, committed 44336K, reserved 1089536K
  class space    used 4869K, capacity 5194K, committed 5248K, reserved 1048576K
}
Event: 1.461 GC heap after
{Heap after GC invocations=7 (full 0):
 garbage-first heap   total 262144K, used 19270K [0x00000006c0000000, 0x00000007c0000000)
  region size 1024K, 6 young (6144K), 6 survivors (6144K)
 Metaspace       used 43485K, capacity 44272K, committed 44336K, reserved 1089536K
  class space    used 4869K, capacity 5194K, committed 5248K, reserved 1048576K
}

